<?xml version="1.0" encoding="UTF-8"?>
<testng-results skipped="0" failed="0" total="4" passed="4">
  <reporter-output>
  </reporter-output>
  <suite name="Default suite" duration-ms="1394" started-at="2015-09-17T13:35:38Z" finished-at="2015-09-17T13:35:39Z">
    <groups>
    </groups>
    <test name="Default test" duration-ms="1394" started-at="2015-09-17T13:35:38Z" finished-at="2015-09-17T13:35:39Z">
      <class name="org.kiva.dbtest.dao.impl.MongoUserDAOTest">
        <test-method status="PASS" signature="buildUp()[pri:0, instance:org.kiva.dbtest.dao.impl.MongoUserDAOTest@a4a92b]" name="buildUp" is-config="true" duration-ms="295" started-at="2015-09-17T16:35:38Z" finished-at="2015-09-17T16:35:38Z">
          <reporter-output>
          </reporter-output>
        </test-method> <!-- buildUp -->
        <test-method status="PASS" signature="testCreate()[pri:0, instance:org.kiva.dbtest.dao.impl.MongoUserDAOTest@a4a92b]" name="testCreate" duration-ms="913" started-at="2015-09-17T16:35:38Z" finished-at="2015-09-17T16:35:39Z">
          <reporter-output>
          </reporter-output>
        </test-method> <!-- testCreate -->
        <test-method status="PASS" signature="testRead()[pri:0, instance:org.kiva.dbtest.dao.impl.MongoUserDAOTest@a4a92b]" name="testRead" duration-ms="2" started-at="2015-09-17T16:35:39Z" depends-on-methods="org.kiva.dbtest.dao.impl.MongoUserDAOTest.testCreate" finished-at="2015-09-17T16:35:39Z">
          <reporter-output>
          </reporter-output>
        </test-method> <!-- testRead -->
        <test-method status="PASS" signature="testUpdate()[pri:0, instance:org.kiva.dbtest.dao.impl.MongoUserDAOTest@a4a92b]" name="testUpdate" duration-ms="114" started-at="2015-09-17T16:35:39Z" depends-on-methods="org.kiva.dbtest.dao.impl.MongoUserDAOTest.testCreate" finished-at="2015-09-17T16:35:39Z">
          <reporter-output>
          </reporter-output>
        </test-method> <!-- testUpdate -->
        <test-method status="PASS" signature="testDelete()[pri:0, instance:org.kiva.dbtest.dao.impl.MongoUserDAOTest@a4a92b]" name="testDelete" duration-ms="22" started-at="2015-09-17T16:35:39Z" depends-on-methods="org.kiva.dbtest.dao.impl.MongoUserDAOTest.testRead" finished-at="2015-09-17T16:35:39Z">
          <reporter-output>
          </reporter-output>
        </test-method> <!-- testDelete -->
        <test-method status="PASS" signature="tearDown()[pri:0, instance:org.kiva.dbtest.dao.impl.MongoUserDAOTest@a4a92b]" name="tearDown" is-config="true" duration-ms="18" started-at="2015-09-17T16:35:39Z" finished-at="2015-09-17T16:35:39Z">
          <reporter-output>
          </reporter-output>
        </test-method> <!-- tearDown -->
      </class> <!-- org.kiva.dbtest.dao.impl.MongoUserDAOTest -->
    </test> <!-- Default test -->
  </suite> <!-- Default suite -->
</testng-results>
