<?xml version="1.0" encoding="UTF-8"?>
<!-- Generated by org.testng.reporters.JUnitXMLReporter -->
<testsuite hostname="DELL28" name="Default test" tests="4" failures="0" timestamp="17 Sep 2015 13:35:39 GMT" time="1.394" errors="0">
  <testcase name="testCreate" time="0.913" classname="org.kiva.dbtest.dao.impl.MongoUserDAOTest"/>
  <testcase name="testRead" time="0.002" classname="org.kiva.dbtest.dao.impl.MongoUserDAOTest"/>
  <testcase name="testUpdate" time="0.114" classname="org.kiva.dbtest.dao.impl.MongoUserDAOTest"/>
  <testcase name="testDelete" time="0.022" classname="org.kiva.dbtest.dao.impl.MongoUserDAOTest"/>
</testsuite> <!-- Default test -->
